{"level":"info","message":"GET request to / received"}
{"level":"info","message":"GET request to /hello received"}
{"level":"info","message":"GET request to /hello received"}
{"level":"info","message":"GET request to /hello received"}
{"level":"info","message":"GET request to /hello received"}
{"level":"info","message":"GET request to /hello received"}
{"level":"info","message":"GET request to /hi received"}
{"level":"info","message":"GET request to /hi received"}
{"level":"info","message":"GET request to /hi received"}
{"level":"info","message":"GET request to /hi received"}
{"level":"info","message":"GET request to /fasdfasdf received"}
{"level":"info","message":"GET request to /fasdfasdf received"}
{"level":"info","message":"GET request to /fasdfasdf received"}
{"level":"info","message":"GET request to /fasdfasdf received"}
{"level":"info","message":"GET request to /fasdfasdf received"}
{"level":"info","message":"GET request to /fasdfasdf received","timestamp":"2023-01-30T20:09:51.763Z"}
{"level":"info","message":"GET request to / received","timestamp":"2023-01-30T20:09:54.807Z"}
{"level":"info","message":"GET request to / received","timestamp":"2023-01-30T20:09:55.370Z"}
{"level":"info","message":"GET request to /hi received","timestamp":"2023-01-30T20:09:57.816Z"}
{"level":"info","message":"GET request to /hello received","timestamp":"2023-01-30T20:10:00.464Z"}
{"level":"info","message":"GET request to /hello received","timestamp":"2023-01-30T20:10:01.011Z"}
