{"level":"info","message":"POST request received at endpoint /users","timestamp":"2023-01-31T19:46:41.783Z"}
{"level":"info","message":"POST request received at endpoint /login","timestamp":"2023-01-31T19:46:46.620Z"}
{"level":"info","message":"GET request received at endpoint /reimbursements","timestamp":"2023-01-31T19:46:57.838Z"}
{"level":"info","message":"POST request received at endpoint /reimbursements","timestamp":"2023-01-31T19:47:06.316Z"}
{"level":"info","message":"PATCH request received at endpoint /reimbursements/100/status","timestamp":"2023-01-31T19:47:21.037Z"}
{"level":"info","message":"POST request received at endpoint /login","timestamp":"2023-01-31T20:30:58.017Z"}
{"level":"info","message":"POST request received at endpoint /login","timestamp":"2023-01-31T20:31:39.132Z"}
{"level":"info","message":"POST request received at endpoint /login","timestamp":"2023-01-31T20:31:43.766Z"}
{"level":"info","message":"POST request received at endpoint /login","timestamp":"2023-01-31T20:31:50.362Z"}
{"level":"info","message":"POST request received at endpoint /login","timestamp":"2023-01-31T20:32:28.991Z"}
{"level":"info","message":"POST request received at endpoint /login","timestamp":"2023-01-31T20:32:38.311Z"}
{"level":"info","message":"POST request received at endpoint /login","timestamp":"2023-01-31T20:32:59.168Z"}
{"level":"info","message":"POST request received at endpoint /login","timestamp":"2023-01-31T20:35:34.801Z"}
{"level":"info","message":"POST request received at endpoint /login","timestamp":"2023-01-31T20:35:44.223Z"}
{"level":"info","message":"POST request received at endpoint /login","timestamp":"2023-01-31T20:35:49.487Z"}
{"level":"info","message":"POST request received at endpoint /login","timestamp":"2023-01-31T20:35:55.667Z"}
{"level":"info","message":"POST request received at endpoint /login","timestamp":"2023-01-31T20:37:12.701Z"}
{"level":"info","message":"POST request received at endpoint /login","timestamp":"2023-01-31T20:38:42.715Z"}
{"level":"info","message":"POST request received at endpoint /login","timestamp":"2023-01-31T20:39:13.752Z"}
{"level":"info","message":"POST request received at endpoint /login","timestamp":"2023-01-31T20:40:32.562Z"}
{"level":"info","message":"POST request received at endpoint /login","timestamp":"2023-01-31T20:53:21.031Z"}
{"level":"info","message":"POST request received at endpoint /login","timestamp":"2023-01-31T21:12:17.852Z"}
{"level":"info","message":"GET request received at endpoint /reimbursements","timestamp":"2023-01-31T21:13:22.446Z"}
{"level":"info","message":"GET request received at endpoint /reimbursements","timestamp":"2023-01-31T21:13:38.930Z"}
{"level":"info","message":"GET request received at endpoint /reimbursements","timestamp":"2023-01-31T21:13:55.457Z"}
{"level":"info","message":"GET request received at endpoint /reimbursements","timestamp":"2023-01-31T21:15:00.917Z"}
{"level":"info","message":"GET request received at endpoint /reimbursements","timestamp":"2023-01-31T21:22:17.480Z"}
{"level":"info","message":"GET request received at endpoint /reimbursements","timestamp":"2023-01-31T21:22:24.347Z"}
{"level":"info","message":"POST request received at endpoint /login","timestamp":"2023-01-31T21:22:44.193Z"}
{"level":"info","message":"GET request received at endpoint /reimbursements","timestamp":"2023-01-31T21:22:52.787Z"}
{"level":"info","message":"GET request received at endpoint /reimbursements?status=pending","timestamp":"2023-01-31T21:23:05.798Z"}
{"level":"info","message":"GET request received at endpoint /reimbursements?status=denied","timestamp":"2023-01-31T21:23:11.233Z"}
{"level":"info","message":"GET request received at endpoint /reimbursements?status=approved","timestamp":"2023-01-31T21:23:15.219Z"}
{"level":"info","message":"POST request received at endpoint /login","timestamp":"2023-01-31T21:23:25.137Z"}
{"level":"info","message":"GET request received at endpoint /reimbursements?status=approved","timestamp":"2023-01-31T21:23:33.976Z"}
{"level":"info","message":"GET request received at endpoint /reimbursements?status=denied","timestamp":"2023-01-31T21:23:39.163Z"}
{"level":"info","message":"GET request received at endpoint /reimbursements?status=pending","timestamp":"2023-01-31T21:23:44.008Z"}
{"level":"info","message":"GET request received at endpoint /reimbursements","timestamp":"2023-01-31T21:23:48.729Z"}
{"level":"info","message":"GET request received at endpoint /reimbursements","timestamp":"2023-01-31T21:27:21.362Z"}
{"level":"info","message":"POST request received at endpoint /reimbursements","timestamp":"2023-01-31T21:27:50.668Z"}
{"level":"info","message":"POST request received at endpoint /login","timestamp":"2023-01-31T21:36:55.157Z"}
{"level":"info","message":"PATCH request received at endpoint /reimbursements/64e474c9-513a-4e76-aede-73e3e321ad7b/status","timestamp":"2023-01-31T21:37:26.889Z"}
{"level":"info","message":"PATCH request received at endpoint /reimbursements/64e474c9-513a-4e76-aede-73e3e321ad7b/status","timestamp":"2023-01-31T21:38:17.863Z"}
{"level":"info","message":"PATCH request received at endpoint /reimbursements/64e474c9-513a-4e76-aede-73e3e321ad7b/status","timestamp":"2023-01-31T21:38:23.597Z"}
{"level":"info","message":"PATCH request received at endpoint /reimbursements/64e474c9-513a-4e76-aede-73e3e321ad7c/status","timestamp":"2023-01-31T21:38:37.801Z"}
{"level":"info","message":"POST request received at endpoint /login","timestamp":"2023-01-31T21:38:52.432Z"}
{"level":"info","message":"PATCH request received at endpoint /reimbursements/64e474c9-513a-4e76-aede-73e3e321ad7c/status","timestamp":"2023-01-31T21:39:01.175Z"}
{"level":"info","message":"POST request received at endpoint /login","timestamp":"2023-01-31T21:39:19.439Z"}
{"level":"info","message":"PATCH request received at endpoint /reimbursements/64e474c9-513a-4e76-aede-73e3e321ad7c/status","timestamp":"2023-01-31T21:39:32.172Z"}
{"level":"info","message":"PATCH request received at endpoint /reimbursements/64e474c9-513a-4e76-aede-73e3e321ad7b/status","timestamp":"2023-01-31T21:39:36.501Z"}
{"level":"info","message":"PATCH request received at endpoint /reimbursements/64e474c9-513a-4e76-aede-73e3e321ad7b/status","timestamp":"2023-01-31T21:39:53.202Z"}
{"level":"info","message":"PATCH request received at endpoint /reimbursements/64e474c9-513a-4e76-aede-73e3e321ad7b/status","timestamp":"2023-01-31T21:39:59.806Z"}
{"level":"info","message":"POST request received at endpoint /users","timestamp":"2023-01-31T21:41:48.302Z"}
{"level":"info","message":"POST request received at endpoint /users","timestamp":"2023-01-31T21:41:52.594Z"}
{"level":"info","message":"POST request received at endpoint /users","timestamp":"2023-01-31T21:41:54.644Z"}
{"level":"info","message":"POST request received at endpoint /users","timestamp":"2023-01-31T21:41:56.270Z"}
{"level":"info","message":"POST request received at endpoint /users","timestamp":"2023-01-31T21:41:58.010Z"}
{"level":"info","message":"POST request received at endpoint /users","timestamp":"2023-01-31T21:41:59.736Z"}
{"level":"info","message":"POST request received at endpoint /users","timestamp":"2023-01-31T21:42:32.036Z"}
{"level":"info","message":"POST request received at endpoint /users","timestamp":"2023-01-31T21:44:12.786Z"}
{"level":"info","message":"POST request received at endpoint /users","timestamp":"2023-01-31T21:47:42.975Z"}
{"level":"info","message":"POST request received at endpoint /users","timestamp":"2023-01-31T21:47:44.266Z"}
{"level":"info","message":"POST request received at endpoint /users","timestamp":"2023-01-31T21:47:45.164Z"}
{"level":"info","message":"POST request received at endpoint /users","timestamp":"2023-01-31T21:48:23.787Z"}
{"level":"info","message":"POST request received at endpoint /users","timestamp":"2023-01-31T21:49:05.586Z"}
{"level":"info","message":"POST request received at endpoint /users","timestamp":"2023-01-31T21:49:07.260Z"}
{"level":"info","message":"POST request received at endpoint /users","timestamp":"2023-01-31T21:49:08.810Z"}
{"level":"info","message":"POST request received at endpoint /users","timestamp":"2023-01-31T21:49:24.980Z"}
{"level":"info","message":"POST request received at endpoint /users","timestamp":"2023-01-31T21:49:26.780Z"}
{"level":"info","message":"POST request received at endpoint /users","timestamp":"2023-01-31T21:49:27.997Z"}
{"level":"info","message":"POST request received at endpoint /users","timestamp":"2023-01-31T21:49:31.387Z"}
{"level":"info","message":"PATCH request received at endpoint /reimbursements/64e474c9-513a-4e76-aede-73e3e321ad7b/status","timestamp":"2023-01-31T21:59:18.860Z"}
{"level":"info","message":"PATCH request received at endpoint /reimbursements/64e474c9-513a-4e76-aede-73e3e321ad7b/status","timestamp":"2023-01-31T22:00:25.305Z"}
{"level":"info","message":"POST request received at endpoint /users","timestamp":"2023-01-31T22:00:28.472Z"}
{"level":"info","message":"POST request received at endpoint /reimbursements","timestamp":"2023-01-31T22:00:30.755Z"}
{"level":"info","message":"POST request received at endpoint /login","timestamp":"2023-01-31T22:00:42.226Z"}
{"level":"info","message":"PATCH request received at endpoint /reimbursements/64e474c9-513a-4e76-aede-73e3e321ad7b/status","timestamp":"2023-01-31T22:00:50.952Z"}
{"level":"info","message":"POST request received at endpoint /login","timestamp":"2023-02-07T20:07:31.763Z"}
{"level":"info","message":"POST request received at endpoint /login","timestamp":"2023-02-07T20:08:06.904Z"}
{"level":"info","message":"POST request received at endpoint /users","timestamp":"2023-02-07T20:08:44.230Z"}
{"level":"info","message":"POST request received at endpoint /login","timestamp":"2023-02-07T20:08:54.251Z"}
{"level":"info","message":"GET request received at endpoint /reimbursements","timestamp":"2023-02-07T20:09:25.660Z"}
{"level":"info","message":"POST request received at endpoint /reimbursements","timestamp":"2023-02-07T20:10:13.792Z"}
{"level":"info","message":"GET request received at endpoint /reimbursements","timestamp":"2023-02-07T20:10:18.578Z"}
{"level":"info","message":"POST request received at endpoint /login","timestamp":"2023-02-07T20:10:59.461Z"}
{"level":"info","message":"GET request received at endpoint /reimbursements","timestamp":"2023-02-07T20:11:10.222Z"}
{"level":"info","message":"PATCH request received at endpoint /reimbursements/fc95cb9c-883b-436b-b2bf-a2e26babe063/status","timestamp":"2023-02-07T20:11:54.471Z"}
{"level":"info","message":"GET request received at endpoint /reimbursements","timestamp":"2023-02-07T20:12:00.426Z"}
{"level":"info","message":"OPTIONS request received at endpoint /login","timestamp":"2023-02-07T21:07:28.827Z"}
{"level":"info","message":"OPTIONS request received at endpoint /login","timestamp":"2023-02-07T21:08:42.910Z"}
{"level":"info","message":"POST request received at endpoint /login","timestamp":"2023-02-07T21:15:05.040Z"}
{"level":"info","message":"POST request received at endpoint /login","timestamp":"2023-02-07T21:16:40.499Z"}
{"level":"info","message":"POST request received at endpoint /login","timestamp":"2023-02-07T21:16:42.762Z"}
{"level":"info","message":"POST request received at endpoint /login","timestamp":"2023-02-07T21:17:12.872Z"}
{"level":"info","message":"POST request received at endpoint /login","timestamp":"2023-02-07T21:21:31.727Z"}
{"level":"info","message":"POST request received at endpoint /login","timestamp":"2023-02-07T21:24:30.997Z"}
{"level":"info","message":"POST request received at endpoint /login","timestamp":"2023-02-07T21:27:11.525Z"}
{"level":"info","message":"POST request received at endpoint /login","timestamp":"2023-02-07T21:27:20.835Z"}
{"level":"info","message":"POST request received at endpoint /login","timestamp":"2023-02-07T21:27:29.359Z"}
{"level":"info","message":"POST request received at endpoint /login","timestamp":"2023-02-07T21:29:03.538Z"}
{"level":"info","message":"POST request received at endpoint /login","timestamp":"2023-02-07T21:29:31.855Z"}
{"level":"info","message":"POST request received at endpoint /login","timestamp":"2023-02-07T21:32:02.813Z"}
{"level":"info","message":"GET request received at endpoint /reimbursements","timestamp":"2023-02-07T21:34:38.733Z"}
{"level":"info","message":"GET request received at endpoint /reimbursements","timestamp":"2023-02-07T21:35:48.482Z"}
{"level":"info","message":"GET request received at endpoint /reimbursements","timestamp":"2023-02-07T21:37:52.212Z"}
{"level":"info","message":"GET request received at endpoint /reimbursements","timestamp":"2023-02-07T21:38:08.577Z"}
{"level":"info","message":"GET request received at endpoint /reimbursements","timestamp":"2023-02-07T21:38:12.241Z"}
{"level":"info","message":"GET request received at endpoint /reimbursements","timestamp":"2023-02-07T21:38:12.357Z"}
{"level":"info","message":"GET request received at endpoint /reimbursements","timestamp":"2023-02-07T21:38:19.343Z"}
{"level":"info","message":"GET request received at endpoint /reimbursements","timestamp":"2023-02-07T21:38:19.533Z"}
{"level":"info","message":"GET request received at endpoint /reimbursements","timestamp":"2023-02-07T21:38:51.206Z"}
{"level":"info","message":"GET request received at endpoint /reimbursements","timestamp":"2023-02-07T21:38:57.224Z"}
{"level":"info","message":"GET request received at endpoint /reimbursements","timestamp":"2023-02-07T21:38:57.392Z"}
{"level":"info","message":"GET request received at endpoint /reimbursements","timestamp":"2023-02-07T21:39:17.921Z"}
{"level":"info","message":"GET request received at endpoint /reimbursements","timestamp":"2023-02-07T21:39:38.911Z"}
{"level":"info","message":"GET request received at endpoint /reimbursements","timestamp":"2023-02-07T21:40:05.913Z"}
{"level":"info","message":"GET request received at endpoint /reimbursements","timestamp":"2023-02-07T21:40:06.104Z"}
{"level":"info","message":"GET request received at endpoint /reimbursements","timestamp":"2023-02-07T21:40:20.904Z"}
{"level":"info","message":"GET request received at endpoint /reimbursements","timestamp":"2023-02-07T21:42:52.915Z"}
{"level":"info","message":"GET request received at endpoint /reimbursements","timestamp":"2023-02-07T21:42:55.916Z"}
{"level":"info","message":"GET request received at endpoint /reimbursements","timestamp":"2023-02-07T21:43:47.909Z"}
{"level":"info","message":"POST request received at endpoint /login","timestamp":"2023-02-07T21:44:03.531Z"}
{"level":"info","message":"GET request received at endpoint /reimbursements","timestamp":"2023-02-07T21:44:04.353Z"}
{"level":"info","message":"GET request received at endpoint /reimbursements","timestamp":"2023-02-07T21:44:04.468Z"}
{"level":"info","message":"GET request received at endpoint /reimbursements","timestamp":"2023-02-07T21:44:23.912Z"}
{"level":"info","message":"GET request received at endpoint /reimbursements","timestamp":"2023-02-07T21:44:24.064Z"}
{"level":"info","message":"GET request received at endpoint /reimbursements","timestamp":"2023-02-07T21:44:28.901Z"}
{"level":"info","message":"GET request received at endpoint /reimbursements","timestamp":"2023-02-07T21:44:29.061Z"}
{"level":"info","message":"GET request received at endpoint /reimbursements","timestamp":"2023-02-07T21:44:38.908Z"}
{"level":"info","message":"GET request received at endpoint /reimbursements","timestamp":"2023-02-07T21:44:39.097Z"}
{"level":"info","message":"GET request received at endpoint /reimbursements","timestamp":"2023-02-07T21:44:43.907Z"}
{"level":"info","message":"GET request received at endpoint /reimbursements","timestamp":"2023-02-07T21:44:44.044Z"}
{"level":"info","message":"POST request received at endpoint /login","timestamp":"2023-02-07T21:45:10.944Z"}
{"level":"info","message":"GET request received at endpoint /reimbursements","timestamp":"2023-02-07T21:45:12.067Z"}
{"level":"info","message":"GET request received at endpoint /reimbursements","timestamp":"2023-02-07T21:45:12.247Z"}
{"level":"info","message":"POST request received at endpoint /login","timestamp":"2023-02-07T21:45:34.101Z"}
{"level":"info","message":"GET request received at endpoint /reimbursements","timestamp":"2023-02-07T21:47:10.503Z"}
{"level":"info","message":"GET request received at endpoint /reimbursements","timestamp":"2023-02-07T21:47:10.701Z"}
{"level":"info","message":"GET request received at endpoint /reimbursements","timestamp":"2023-02-07T21:47:46.723Z"}
{"level":"info","message":"GET request received at endpoint /reimbursements","timestamp":"2023-02-07T21:48:06.910Z"}
{"level":"info","message":"GET request received at endpoint /reimbursements","timestamp":"2023-02-07T21:48:19.891Z"}
{"level":"info","message":"GET request received at endpoint /reimbursements","timestamp":"2023-02-07T21:48:21.961Z"}
{"level":"info","message":"GET request received at endpoint /reimbursements","timestamp":"2023-02-07T21:49:49.901Z"}
{"level":"info","message":"GET request received at endpoint /reimbursements","timestamp":"2023-02-07T21:53:27.909Z"}
{"level":"info","message":"GET request received at endpoint /reimbursements","timestamp":"2023-02-07T21:54:01.902Z"}
{"level":"info","message":"GET request received at endpoint /reimbursements","timestamp":"2023-02-07T21:54:20.905Z"}
{"level":"info","message":"GET request received at endpoint /reimbursements","timestamp":"2023-02-07T21:54:59.899Z"}
{"level":"info","message":"POST request received at endpoint /login","timestamp":"2023-02-07T21:55:30.839Z"}
{"level":"info","message":"GET request received at endpoint /reimbursements","timestamp":"2023-02-07T21:55:31.794Z"}
{"level":"info","message":"GET request received at endpoint /reimbursements","timestamp":"2023-02-07T21:55:31.894Z"}
{"level":"info","message":"GET request received at endpoint /reimbursements","timestamp":"2023-02-07T21:55:45.341Z"}
{"level":"info","message":"GET request received at endpoint /reimbursements","timestamp":"2023-02-07T21:55:45.503Z"}
{"level":"info","message":"GET request received at endpoint /reimbursements","timestamp":"2023-02-07T21:56:47.905Z"}
{"level":"info","message":"PATCH request received at endpoint /reimbursements/b8e63402-bcc3-428d-b504-03ae4aa1d023/status","timestamp":"2023-02-07T21:56:57.769Z"}
{"level":"info","message":"GET request received at endpoint /reimbursements","timestamp":"2023-02-07T21:57:07.196Z"}
{"level":"info","message":"GET request received at endpoint /reimbursements","timestamp":"2023-02-07T21:57:07.369Z"}
{"level":"info","message":"PATCH request received at endpoint /reimbursements/abc125/status","timestamp":"2023-02-07T21:57:16.042Z"}
{"level":"info","message":"PATCH request received at endpoint /reimbursements/6d8b46b2-b7fb-42be-859e-8e45d477110e/status","timestamp":"2023-02-07T21:57:18.012Z"}
{"level":"info","message":"GET request received at endpoint /reimbursements","timestamp":"2023-02-07T21:57:20.194Z"}
{"level":"info","message":"GET request received at endpoint /reimbursements","timestamp":"2023-02-07T21:57:20.342Z"}
{"level":"info","message":"GET request received at endpoint /reimbursements","timestamp":"2023-02-07T21:58:15.906Z"}
{"level":"info","message":"GET request received at endpoint /reimbursements","timestamp":"2023-02-07T21:58:35.036Z"}
{"level":"info","message":"GET request received at endpoint /reimbursements","timestamp":"2023-02-07T21:58:35.221Z"}
{"level":"info","message":"GET request received at endpoint /reimbursements","timestamp":"2023-02-07T21:59:20.359Z"}
{"level":"info","message":"GET request received at endpoint /reimbursements","timestamp":"2023-02-07T21:59:20.571Z"}
{"level":"info","message":"PATCH request received at endpoint /reimbursements/abc124/status","timestamp":"2023-02-07T21:59:24.387Z"}
{"level":"info","message":"GET request received at endpoint /reimbursements","timestamp":"2023-02-07T21:59:25.416Z"}
{"level":"info","message":"PATCH request received at endpoint /reimbursements/fc95cb9c-883b-436b-b2bf-a2e26babe063/status","timestamp":"2023-02-07T21:59:27.281Z"}
{"level":"info","message":"GET request received at endpoint /reimbursements","timestamp":"2023-02-07T21:59:28.321Z"}
{"level":"info","message":"PATCH request received at endpoint /reimbursements/62c2cc74-ea3d-4736-b389-08a1d9ff242f/status","timestamp":"2023-02-07T21:59:30.654Z"}
{"level":"info","message":"GET request received at endpoint /reimbursements","timestamp":"2023-02-07T21:59:31.376Z"}
{"level":"info","message":"PATCH request received at endpoint /reimbursements/64e474c9-513a-4e76-aede-73e3e321ad7b/status","timestamp":"2023-02-07T21:59:33.034Z"}
{"level":"info","message":"GET request received at endpoint /reimbursements","timestamp":"2023-02-07T21:59:33.941Z"}
{"level":"info","message":"PATCH request received at endpoint /reimbursements/6d8b46b2-b7fb-42be-859e-8e45d477110e/status","timestamp":"2023-02-07T21:59:35.083Z"}
{"level":"info","message":"GET request received at endpoint /reimbursements","timestamp":"2023-02-07T21:59:35.958Z"}
{"level":"info","message":"PATCH request received at endpoint /reimbursements/abc125/status","timestamp":"2023-02-07T21:59:36.647Z"}
{"level":"info","message":"GET request received at endpoint /reimbursements","timestamp":"2023-02-07T21:59:37.337Z"}
{"level":"info","message":"PATCH request received at endpoint /reimbursements/abc123/status","timestamp":"2023-02-07T21:59:38.001Z"}
{"level":"info","message":"GET request received at endpoint /reimbursements","timestamp":"2023-02-07T21:59:38.674Z"}
{"level":"info","message":"PATCH request received at endpoint /reimbursements/b8e63402-bcc3-428d-b504-03ae4aa1d023/status","timestamp":"2023-02-07T21:59:39.321Z"}
{"level":"info","message":"GET request received at endpoint /reimbursements","timestamp":"2023-02-07T21:59:39.960Z"}
{"level":"info","message":"GET request received at endpoint /reimbursements","timestamp":"2023-02-07T21:59:41.477Z"}
{"level":"info","message":"GET request received at endpoint /reimbursements","timestamp":"2023-02-07T21:59:41.589Z"}
{"level":"info","message":"GET request received at endpoint /reimbursements","timestamp":"2023-02-07T22:00:17.480Z"}
{"level":"info","message":"GET request received at endpoint /reimbursements","timestamp":"2023-02-07T22:00:17.660Z"}
{"level":"info","message":"POST request received at endpoint /login","timestamp":"2023-02-07T22:00:59.809Z"}
{"level":"info","message":"GET request received at endpoint /reimbursements","timestamp":"2023-02-07T22:01:00.716Z"}
{"level":"info","message":"GET request received at endpoint /reimbursements","timestamp":"2023-02-07T22:01:00.829Z"}
{"level":"info","message":"GET request received at endpoint /reimbursements","timestamp":"2023-02-07T22:11:19.915Z"}
{"level":"info","message":"GET request received at endpoint /reimbursements","timestamp":"2023-02-07T22:17:30.905Z"}
{"level":"info","message":"POST request received at endpoint /login","timestamp":"2023-02-07T22:17:55.525Z"}
{"level":"info","message":"POST request received at endpoint /login","timestamp":"2023-02-07T22:18:02.817Z"}
{"level":"info","message":"GET request received at endpoint /reimbursements","timestamp":"2023-02-07T22:18:04.025Z"}
{"level":"info","message":"GET request received at endpoint /reimbursements","timestamp":"2023-02-07T22:18:04.195Z"}
{"level":"info","message":"POST request received at endpoint /reimbursements","timestamp":"2023-02-07T22:18:32.111Z"}
{"level":"info","message":"GET request received at endpoint /reimbursements","timestamp":"2023-02-07T22:18:33.413Z"}
{"level":"info","message":"GET request received at endpoint /reimbursements","timestamp":"2023-02-07T22:18:56.614Z"}
{"level":"info","message":"GET request received at endpoint /reimbursements","timestamp":"2023-02-07T22:18:56.618Z"}
{"level":"info","message":"POST request received at endpoint /login","timestamp":"2023-02-07T22:19:23.791Z"}
{"level":"info","message":"GET request received at endpoint /reimbursements","timestamp":"2023-02-07T22:19:24.788Z"}
{"level":"info","message":"GET request received at endpoint /reimbursements","timestamp":"2023-02-07T22:19:24.920Z"}
{"level":"info","message":"PATCH request received at endpoint /reimbursements/278aec02-a990-42e1-8d4c-d3f20bd9da46/status","timestamp":"2023-02-07T22:19:35.303Z"}
{"level":"info","message":"GET request received at endpoint /reimbursements","timestamp":"2023-02-07T22:19:36.813Z"}
